\BOOKMARK [1][-]{section.1}{\376\377\000P\000r\000e\000l\000i\000m\000i\000n\000a\000r\000e\000s}{}% 1
\BOOKMARK [2][-]{subsection.1.1}{\376\377\000C\000a\000n\000t\000i\000d\000a\000d\000\040\000d\000e\000\040\000c\000a\000l\000o\000r}{section.1}% 2
\BOOKMARK [2][-]{subsection.1.2}{\376\377\000C\000a\000l\000o\000r\000\040\000y\000\040\000C\000a\000l\000o\000r\000\040\000e\000s\000p\000e\000c\000i\000f\000i\000c\000o}{section.1}% 3
\BOOKMARK [2][-]{subsection.1.3}{\376\377\000C\000a\000p\000a\000c\000i\000d\000a\000d\000\040\000c\000a\000l\000o\000r\000\355\000f\000i\000c\000a\000\040\000m\000o\000l\000a\000r}{section.1}% 4
\BOOKMARK [2][-]{subsection.1.4}{\376\377\000M\000e\000c\000a\000n\000i\000s\000m\000o\000s\000\040\000d\000e\000\040\000t\000r\000a\000n\000s\000f\000e\000r\000e\000n\000c\000i\000a\000\040\000d\000e\000\040\000c\000a\000l\000o\000r}{section.1}% 5
\BOOKMARK [3][-]{subsubsection.1.4.1}{\376\377\000C\000o\000n\000d\000u\000c\000c\000i\000\363\000n}{subsection.1.4}% 6
\BOOKMARK [3][-]{subsubsection.1.4.2}{\376\377\000C\000o\000n\000v\000e\000c\000c\000i\000\363\000n}{subsection.1.4}% 7
\BOOKMARK [3][-]{subsubsection.1.4.3}{\376\377\000R\000a\000d\000i\000a\000c\000i\000\363\000n}{subsection.1.4}% 8
\BOOKMARK [1][-]{section.2}{\376\377\000T\000r\000a\000n\000s\000f\000e\000r\000e\000n\000c\000i\000a\000\040\000d\000e\000l\000\040\000C\000a\000l\000o\000r\000\040\000p\000o\000r\000\040\000C\000o\000n\000v\000e\000c\000c\000i\000\363\000n}{}% 9
\BOOKMARK [2][-]{subsection.2.1}{\376\377\000F\000u\000n\000d\000a\000m\000e\000n\000t\000o\000s\000\040\000d\000e\000\040\000c\000o\000n\000v\000e\000c\000c\000i\000\363\000n}{section.2}% 10
\BOOKMARK [2][-]{subsection.2.2}{\376\377\000N\000\372\000m\000e\000r\000o\000\040\000d\000e\000\040\000N\000u\000s\000s\000e\000l\000t}{section.2}% 11
\BOOKMARK [2][-]{subsection.2.3}{\376\377\000C\000o\000n\000v\000e\000c\000c\000i\000\363\000n\000\040\000E\000x\000t\000e\000r\000n\000a\000\040\000F\000o\000r\000z\000a\000d\000a}{section.2}% 12
\BOOKMARK [3][-]{subsubsection.2.3.1}{\376\377\000T\000e\000m\000p\000e\000r\000a\000t\000u\000r\000a\000\040\000d\000e\000\040\000p\000e\000l\000\355\000c\000u\000l\000a}{subsection.2.3}% 13
\BOOKMARK [2][-]{subsection.2.4}{\376\377\000C\000o\000n\000v\000e\000c\000c\000i\000\363\000n\000\040\000I\000n\000t\000e\000r\000n\000a\000\040\000F\000o\000r\000z\000a\000d\000a}{section.2}% 14
\BOOKMARK [3][-]{subsubsection.2.4.1}{\376\377\000C\000a\000p\000a\000\040\000l\000\355\000m\000i\000t\000e\000\040\000d\000e\000\040\000v\000e\000l\000o\000c\000i\000d\000a\000d}{subsection.2.4}% 15
\BOOKMARK [3][-]{subsubsection.2.4.2}{\376\377\000R\000e\000g\000i\000\363\000n\000\040\000d\000e\000l\000\040\000f\000l\000u\000j\000o\000\040\000i\000r\000r\000o\000t\000a\000c\000i\000o\000n\000a\000l\000\040\000\050\000c\000e\000n\000t\000r\000a\000l\000\051}{subsection.2.4}% 16
\BOOKMARK [3][-]{subsubsection.2.4.3}{\376\377\000R\000e\000g\000i\000\363\000n\000\040\000d\000e\000\040\000e\000n\000t\000r\000a\000d\000e\000\040\000t\000\351\000r\000m\000i\000c\000a}{subsection.2.4}% 17
\BOOKMARK [3][-]{subsubsection.2.4.4}{\376\377\000R\000e\000g\000i\000\363\000n\000\040\000t\000\351\000r\000m\000i\000c\000a\000\040\000c\000o\000m\000p\000l\000e\000t\000a\000m\000e\000n\000t\000e\000\040\000d\000e\000s\000a\000r\000r\000o\000l\000l\000a\000d\000a\000\040\000t\000\351\000r\000m\000i\000c\000a\000m\000e\000n\000t\000e}{subsection.2.4}% 18
\BOOKMARK [3][-]{subsubsection.2.4.5}{\376\377\000A\000n\000a\000l\000l\000i\000s\000i\000s\000\040\000t\000e\000r\000m\000i\000c\000o}{subsection.2.4}% 19
\BOOKMARK [2][-]{subsection.2.5}{\376\377\000C\000o\000n\000v\000e\000c\000c\000i\000\363\000n\000\040\000c\000o\000n\000\040\000c\000a\000m\000b\000i\000o\000\040\000d\000e\000\040\000f\000a\000s\000e}{section.2}% 20
\BOOKMARK [2][-]{subsection.2.6}{\376\377\000C\000o\000n\000v\000e\000c\000c\000i\000\363\000n\000\040\000l\000i\000b\000r\000e\000\040\000o\000\040\000n\000a\000t\000u\000r\000a\000l}{section.2}% 21
\BOOKMARK [1][-]{section.3}{\376\377\000L\000e\000y\000\040\000d\000e\000\040\000F\000i\000c\000k\000:\000\040\000D\000i\000f\000u\000s\000i\000\363\000n\000\040\000m\000o\000l\000e\000c\000u\000l\000a\000r\000\040\000e\000s\000t\000a\000c\000i\000o\000n\000a\000r\000i\000a\000.}{}% 22
\BOOKMARK [2][-]{subsection.3.1}{\376\377\000T\000r\000a\000n\000s\000f\000e\000r\000e\000n\000c\000i\000a\000\040\000d\000e\000\040\000m\000a\000t\000e\000r\000i\000a}{section.3}% 23
\BOOKMARK [2][-]{subsection.3.2}{\376\377\000D\000i\000f\000u\000s\000i\000\363\000n}{section.3}% 24
\BOOKMARK [2][-]{subsection.3.3}{\376\377\000F\000u\000n\000d\000a\000m\000e\000n\000t\000e\000m\000o\000s\000\040\000d\000e\000\040\000l\000a\000\040\000d\000i\000f\000u\000s\000i\000\363\000n\000\040\000M\000o\000l\000e\000c\000u\000l\000a\000r}{section.3}% 25
\BOOKMARK [2][-]{subsection.3.4}{\376\377\000D\000i\000f\000u\000s\000i\000\363\000n\000\040\000M\000o\000l\000e\000c\000u\000l\000a\000r}{section.3}% 26
\BOOKMARK [2][-]{subsection.3.5}{\376\377\000s\000i\000s\000t\000e\000m\000a\000\040\000p\000a\000r\000a\000\040\000e\000l\000\040\000e\000s\000t\000u\000d\000i\000o\000\040\000d\000e\000\040\000l\000a\000\040\000d\000i\000f\000u\000s\000i\000\363\000n\000\040\000m\000o\000l\000e\000c\000u\000l\000a\000r}{section.3}% 27
\BOOKMARK [2][-]{subsection.3.6}{\376\377\000L\000e\000y\000\040\000d\000e\000\040\000F\000i\000c\000k}{section.3}% 28
\BOOKMARK [2][-]{subsection.3.7}{\376\377\000D\000i\000f\000u\000s\000i\000\363\000n\000\040\000m\000o\000l\000e\000c\000u\000l\000a\000r\000\040\000e\000n\000\040\000E\000s\000t\000a\000d\000o\000\040\000e\000s\000t\000a\000c\000i\000o\000n\000a\000r\000i\000o}{section.3}% 29
\BOOKMARK [2][-]{subsection.3.8}{\376\377\000D\000i\000f\000u\000s\000i\000v\000i\000d\000a\000d}{section.3}% 30
\BOOKMARK [1][-]{section.4}{\376\377\000R\000e\000s\000i\000s\000t\000e\000n\000c\000i\000a\000\040\000t\000\351\000r\000m\000i\000c\000a\000\040\000y\000\040\000t\000i\000e\000m\000p\000o\000\040\000d\000e\000\040\000i\000g\000u\000a\000l\000a\000c\000i\000\363\000n}{}% 31
\BOOKMARK [2][-]{subsection.4.1}{\376\377\000R\000e\000s\000i\000s\000t\000e\000n\000c\000i\000a\000\040\000T\000\351\000r\000m\000i\000c\000a}{section.4}% 32
\BOOKMARK [3][-]{subsubsection.4.1.1}{\376\377\000R\000e\000s\000i\000s\000t\000e\000n\000c\000i\000a\000\040\000t\000\351\000r\000m\000i\000c\000a\000\040\000s\000u\000p\000e\000r\000f\000i\000c\000i\000a\000l}{subsection.4.1}% 33
\BOOKMARK [3][-]{subsubsection.4.1.2}{\376\377\000T\000r\000a\000n\000s\000m\000i\000t\000a\000n\000c\000i\000a\000\040\000t\000\351\000r\000m\000i\000c\000a}{subsection.4.1}% 34
\BOOKMARK [3][-]{subsubsection.4.1.3}{\376\377\000R\000e\000s\000i\000s\000t\000e\000n\000c\000i\000a\000\040\000t\000\351\000r\000m\000i\000c\000a\000\040\000t\000o\000t\000a\000l}{subsection.4.1}% 35
\BOOKMARK [2][-]{subsection.4.2}{\376\377\000T\000i\000e\000m\000p\000o\000\040\000d\000e\000\040\000i\000g\000u\000a\000l\000a\000c\000i\000\363\000n}{section.4}% 36
